# JRE version: OpenJDK Runtime Environment (15.0.2+7) (build 15.0.2+7)
# Java VM: OpenJDK 64-Bit Server VM (15.0.2+7, mixed mode, tiered, g1 gc, linux-amd64)
GC Precious Log:
 CPUs: 12 total, 12 available
 Memory: 15861M
 Large Page Support: Disabled
 NUMA Support: Disabled
 Compressed Oops: Disabled
 Heap Region Size: 32M
 Heap Min Capacity: 32M
 Heap Initial Capacity: 256M
 Heap Max Capacity: 8096G
 Pre-touch: Disabled
 Parallel Workers: 10
 Concurrent Workers: 3
 Concurrent Refinement Workers: 10
 Periodic GC: Disabled
Heap:
 garbage-first heap   total 44236800K, used 6493618K [0x000077140c000000, 0x00007efc0c000000)
  region size 32768K, 3 young (98304K), 3 survivors (98304K)
 Metaspace       used 9201K, capacity 9342K, committed 9600K, reserved 1058816K
  class space    used 754K, capacity 790K, committed 896K, reserved 1048576K
GC Heap History (20 events):
Event: 3.515 GC heap after
{Heap after GC invocations=19 (full 0):
 garbage-first heap   total 2555904K, used 120048K [0x000077140c000000, 0x00007efc0c000000)
  region size 32768K, 2 young (65536K), 2 survivors (65536K)
 Metaspace       used 9137K, capacity 9246K, committed 9472K, reserved 1058816K
  class space    used 748K, capacity 758K, committed 768K, reserved 1048576K
}
Event: 3.739 GC heap before
{Heap before GC invocations=19 (full 0):
 garbage-first heap   total 2555904K, used 1529072K [0x000077140c000000, 0x00007efc0c000000)
  region size 32768K, 46 young (1507328K), 2 survivors (65536K)
 Metaspace       used 9201K, capacity 9342K, committed 9600K, reserved 1058816K
  class space    used 754K, capacity 790K, committed 896K, reserved 1048576K
}
Event: 3.842 GC heap after
{Heap after GC invocations=20 (full 0):
 garbage-first heap   total 2555904K, used 858851K [0x000077140c000000, 0x00007efc0c000000)
  region size 32768K, 6 young (196608K), 6 survivors (196608K)
 Metaspace       used 9201K, capacity 9342K, committed 9600K, reserved 1058816K
  class space    used 754K, capacity 790K, committed 896K, reserved 1048576K
}
Event: 3.868 GC heap before
{Heap before GC invocations=20 (full 0):
 garbage-first heap   total 2555904K, used 1514211K [0x000077140c000000, 0x00007efc0c000000)
  region size 32768K, 26 young (851968K), 6 survivors (196608K)
 Metaspace       used 9201K, capacity 9342K, committed 9600K, reserved 1058816K
  class space    used 754K, capacity 790K, committed 896K, reserved 1048576K
}
Event: 3.959 GC heap after
{Heap after GC invocations=21 (full 0):
 garbage-first heap   total 5537792K, used 1513976K [0x000077140c000000, 0x00007efc0c000000)
  region size 32768K, 4 young (131072K), 4 survivors (131072K)
 Metaspace       used 9201K, capacity 9342K, committed 9600K, reserved 1058816K
  class space    used 754K, capacity 790K, committed 896K, reserved 1048576K
}
Event: 4.035 GC heap before
{Heap before GC invocations=21 (full 0):
 garbage-first heap   total 5537792K, used 2267640K [0x000077140c000000, 0x00007efc0c000000)
  region size 32768K, 28 young (917504K), 4 survivors (131072K)
 Metaspace       used 9201K, capacity 9342K, committed 9600K, reserved 1058816K
  class space    used 754K, capacity 790K, committed 896K, reserved 1048576K
}
Event: 4.175 GC heap after
{Heap after GC invocations=22 (full 0):
 garbage-first heap   total 5537792K, used 2300408K [0x000077140c000000, 0x00007efc0c000000)
  region size 32768K, 4 young (131072K), 4 survivors (131072K)
 Metaspace       used 9201K, capacity 9342K, committed 9600K, reserved 1058816K
  class space    used 754K, capacity 790K, committed 896K, reserved 1048576K
}
Event: 4.201 GC heap before
{Heap before GC invocations=22 (full 0):
 garbage-first heap   total 5537792K, used 2988536K [0x000077140c000000, 0x00007efc0c000000)
  region size 32768K, 26 young (851968K), 4 survivors (131072K)
 Metaspace       used 9201K, capacity 9342K, committed 9600K, reserved 1058816K
  class space    used 754K, capacity 790K, committed 896K, reserved 1048576K
}
Event: 4.445 GC heap after
{Heap after GC invocations=23 (full 0):
 garbage-first heap   total 5537792K, used 3021304K [0x000077140c000000, 0x00007efc0c000000)
  region size 32768K, 4 young (131072K), 4 survivors (131072K)
 Metaspace       used 9201K, capacity 9342K, committed 9600K, reserved 1058816K
  class space    used 754K, capacity 790K, committed 896K, reserved 1048576K
}
Event: 4.465 GC heap before
{Heap before GC invocations=23 (full 0):
 garbage-first heap   total 5537792K, used 3578360K [0x000077140c000000, 0x00007efc0c000000)
  region size 32768K, 21 young (688128K), 4 survivors (131072K)
 Metaspace       used 9201K, capacity 9342K, committed 9600K, reserved 1058816K
  class space    used 754K, capacity 790K, committed 896K, reserved 1048576K
}
Event: 4.787 GC heap after
{Heap after GC invocations=24 (full 0):
 garbage-first heap   total 5537792K, used 3578360K [0x000077140c000000, 0x00007efc0c000000)
  region size 32768K, 3 young (98304K), 3 survivors (98304K)
 Metaspace       used 9201K, capacity 9342K, committed 9600K, reserved 1058816K
  class space    used 754K, capacity 790K, committed 896K, reserved 1048576K
}
Event: 4.806 GC heap before
{Heap before GC invocations=24 (full 0):
 garbage-first heap   total 5537792K, used 3873272K [0x000077140c000000, 0x00007efc0c000000)
  region size 32768K, 13 young (425984K), 3 survivors (98304K)
 Metaspace       used 9201K, capacity 9342K, committed 9600K, reserved 1058816K
  class space    used 754K, capacity 790K, committed 896K, reserved 1048576K
}
Event: 5.002 GC heap after
{Heap after GC invocations=25 (full 0):
 garbage-first heap   total 16613376K, used 3906040K [0x000077140c000000, 0x00007efc0c000000)
  region size 32768K, 2 young (65536K), 2 survivors (65536K)
 Metaspace       used 9201K, capacity 9342K, committed 9600K, reserved 1058816K
  class space    used 754K, capacity 790K, committed 896K, reserved 1048576K
}
Event: 5.081 GC heap before
{Heap before GC invocations=25 (full 0):
 garbage-first heap   total 14745600K, used 4626936K [0x000077140c000000, 0x00007efc0c000000)
  region size 32768K, 25 young (819200K), 2 survivors (65536K)
 Metaspace       used 9201K, capacity 9342K, committed 9600K, reserved 1058816K
  class space    used 754K, capacity 790K, committed 896K, reserved 1048576K
}
Event: 5.441 GC heap after
{Heap after GC invocations=26 (full 0):
 garbage-first heap   total 14745600K, used 4659001K [0x000077140c000000, 0x00007efc0c000000)
  region size 32768K, 4 young (131072K), 4 survivors (131072K)
 Metaspace       used 9201K, capacity 9342K, committed 9600K, reserved 1058816K
  class space    used 754K, capacity 790K, committed 896K, reserved 1048576K
}
Event: 5.471 GC heap before
{Heap before GC invocations=27 (full 0):
 garbage-first heap   total 14745600K, used 5216057K [0x000077140c000000, 0x00007efc0c000000)
  region size 32768K, 22 young (720896K), 4 survivors (131072K)
 Metaspace       used 9201K, capacity 9342K, committed 9600K, reserved 1058816K
  class space    used 754K, capacity 790K, committed 896K, reserved 1048576K
}
Event: 5.541 GC heap after
{Heap after GC invocations=28 (full 0):
 garbage-first heap   total 14745600K, used 5248825K [0x000077140c000000, 0x00007efc0c000000)
  region size 32768K, 3 young (98304K), 3 survivors (98304K)
 Metaspace       used 9201K, capacity 9342K, committed 9600K, reserved 1058816K
  class space    used 754K, capacity 790K, committed 896K, reserved 1048576K
}
Event: 5.573 GC heap before
{Heap before GC invocations=28 (full 0):
 garbage-first heap   total 14745600K, used 5838649K [0x000077140c000000, 0x00007efc0c000000)
  region size 32768K, 22 young (720896K), 3 survivors (98304K)
 Metaspace       used 9201K, capacity 9342K, committed 9600K, reserved 1058816K
  class space    used 754K, capacity 790K, committed 896K, reserved 1048576K
}
Event: 5.662 GC heap after
{Heap after GC invocations=29 (full 0):
 garbage-first heap   total 14745600K, used 5871026K [0x000077140c000000, 0x00007efc0c000000)
  region size 32768K, 3 young (98304K), 3 survivors (98304K)
 Metaspace       used 9201K, capacity 9342K, committed 9600K, reserved 1058816K
  class space    used 754K, capacity 790K, committed 896K, reserved 1048576K
}
Event: 5.693 GC heap before
{Heap before GC invocations=29 (full 0):
 garbage-first heap   total 14745600K, used 6460850K [0x000077140c000000, 0x00007efc0c000000)
  region size 32768K, 22 young (720896K), 3 survivors (98304K)
 Metaspace       used 9201K, capacity 9342K, committed 9600K, reserved 1058816K
  class space    used 754K, capacity 790K, committed 896K, reserved 1048576K
}

