# JRE version: OpenJDK Runtime Environment (15.0.2+7) (build 15.0.2+7)
# Java VM: OpenJDK 64-Bit Server VM (15.0.2+7, mixed mode, tiered, g1 gc, linux-amd64)
GC Precious Log:
 CPUs: 12 total, 12 available
 Memory: 15861M
 Large Page Support: Disabled
 NUMA Support: Disabled
 Compressed Oops: Disabled
 Heap Region Size: 32M
 Heap Min Capacity: 32M
 Heap Initial Capacity: 256M
 Heap Max Capacity: 8096G
 Pre-touch: Disabled
 Parallel Workers: 10
 Concurrent Workers: 3
 Concurrent Refinement Workers: 10
 Periodic GC: Disabled
Heap:
 garbage-first heap   total 29491200K, used 3762925K [0x000077e714000000, 0x00007fcf14000000)
  region size 32768K, 2 young (65536K), 2 survivors (65536K)
 Metaspace       used 9080K, capacity 9230K, committed 9600K, reserved 1058816K
  class space    used 755K, capacity 790K, committed 896K, reserved 1048576K
GC Heap History (20 events):
Event: 1.754 GC heap after
{Heap after GC invocations=19 (full 0):
 garbage-first heap   total 819200K, used 2251K [0x000077e714000000, 0x00007fcf14000000)
  region size 32768K, 1 young (32768K), 1 survivors (32768K)
 Metaspace       used 8934K, capacity 9070K, committed 9216K, reserved 1058816K
  class space    used 744K, capacity 758K, committed 768K, reserved 1048576K
}
Event: 1.793 GC heap before
{Heap before GC invocations=19 (full 0):
 garbage-first heap   total 819200K, used 428235K [0x000077e714000000, 0x00007fcf14000000)
  region size 32768K, 15 young (491520K), 1 survivors (32768K)
 Metaspace       used 9080K, capacity 9230K, committed 9600K, reserved 1058816K
  class space    used 755K, capacity 790K, committed 896K, reserved 1048576K
}
Event: 1.912 GC heap after
{Heap after GC invocations=20 (full 0):
 garbage-first heap   total 884736K, used 389385K [0x000077e714000000, 0x00007fcf14000000)
  region size 32768K, 2 young (65536K), 2 survivors (65536K)
 Metaspace       used 9080K, capacity 9230K, committed 9600K, reserved 1058816K
  class space    used 755K, capacity 790K, committed 896K, reserved 1048576K
}
Event: 1.917 GC heap before
{Heap before GC invocations=20 (full 0):
 garbage-first heap   total 884736K, used 520457K [0x000077e714000000, 0x00007fcf14000000)
  region size 32768K, 7 young (229376K), 2 survivors (65536K)
 Metaspace       used 9080K, capacity 9230K, committed 9600K, reserved 1058816K
  class space    used 755K, capacity 790K, committed 896K, reserved 1048576K
}
Event: 1.944 GC heap after
{Heap after GC invocations=21 (full 0):
 garbage-first heap   total 2654208K, used 553225K [0x000077e714000000, 0x00007fcf14000000)
  region size 32768K, 1 young (32768K), 1 survivors (32768K)
 Metaspace       used 9080K, capacity 9230K, committed 9600K, reserved 1058816K
  class space    used 755K, capacity 790K, committed 896K, reserved 1048576K
}
Event: 2.027 GC heap before
{Heap before GC invocations=21 (full 0):
 garbage-first heap   total 2654208K, used 1306889K [0x000077e714000000, 0x00007fcf14000000)
  region size 32768K, 24 young (786432K), 1 survivors (32768K)
 Metaspace       used 9080K, capacity 9230K, committed 9600K, reserved 1058816K
  class space    used 755K, capacity 790K, committed 896K, reserved 1048576K
}
Event: 2.295 GC heap after
{Heap after GC invocations=22 (full 0):
 garbage-first heap   total 2654208K, used 1306889K [0x000077e714000000, 0x00007fcf14000000)
  region size 32768K, 3 young (98304K), 3 survivors (98304K)
 Metaspace       used 9080K, capacity 9230K, committed 9600K, reserved 1058816K
  class space    used 755K, capacity 790K, committed 896K, reserved 1048576K
}
Event: 2.306 GC heap before
{Heap before GC invocations=22 (full 0):
 garbage-first heap   total 2654208K, used 1601801K [0x000077e714000000, 0x00007fcf14000000)
  region size 32768K, 13 young (425984K), 3 survivors (98304K)
 Metaspace       used 9080K, capacity 9230K, committed 9600K, reserved 1058816K
  class space    used 755K, capacity 790K, committed 896K, reserved 1048576K
}
Event: 2.495 GC heap after
{Heap after GC invocations=23 (full 0):
 garbage-first heap   total 2654208K, used 1634569K [0x000077e714000000, 0x00007fcf14000000)
  region size 32768K, 2 young (65536K), 2 survivors (65536K)
 Metaspace       used 9080K, capacity 9230K, committed 9600K, reserved 1058816K
  class space    used 755K, capacity 790K, committed 896K, reserved 1048576K
}
Event: 2.507 GC heap before
{Heap before GC invocations=23 (full 0):
 garbage-first heap   total 2654208K, used 1798409K [0x000077e714000000, 0x00007fcf14000000)
  region size 32768K, 8 young (262144K), 2 survivors (65536K)
 Metaspace       used 9080K, capacity 9230K, committed 9600K, reserved 1058816K
  class space    used 755K, capacity 790K, committed 896K, reserved 1048576K
}
Event: 2.633 GC heap after
{Heap after GC invocations=24 (full 0):
 garbage-first heap   total 2654208K, used 1830786K [0x000077e714000000, 0x00007fcf14000000)
  region size 32768K, 1 young (32768K), 1 survivors (32768K)
 Metaspace       used 9080K, capacity 9230K, committed 9600K, reserved 1058816K
  class space    used 755K, capacity 790K, committed 896K, reserved 1048576K
}
Event: 2.644 GC heap before
{Heap before GC invocations=24 (full 0):
 garbage-first heap   total 3276800K, used 1929090K [0x000077e714000000, 0x00007fcf14000000)
  region size 32768K, 5 young (163840K), 1 survivors (32768K)
 Metaspace       used 9080K, capacity 9230K, committed 9600K, reserved 1058816K
  class space    used 755K, capacity 790K, committed 896K, reserved 1048576K
}
Event: 2.679 GC heap after
{Heap after GC invocations=25 (full 0):
 garbage-first heap   total 9830400K, used 1961858K [0x000077e714000000, 0x00007fcf14000000)
  region size 32768K, 1 young (32768K), 1 survivors (32768K)
 Metaspace       used 9080K, capacity 9230K, committed 9600K, reserved 1058816K
  class space    used 755K, capacity 790K, committed 896K, reserved 1048576K
}
Event: 2.733 GC heap before
{Heap before GC invocations=26 (full 0):
 garbage-first heap   total 9830400K, used 2387842K [0x000077e714000000, 0x00007fcf14000000)
  region size 32768K, 15 young (491520K), 1 survivors (32768K)
 Metaspace       used 9080K, capacity 9230K, committed 9600K, reserved 1058816K
  class space    used 755K, capacity 790K, committed 896K, reserved 1048576K
}
Event: 2.812 GC heap after
{Heap after GC invocations=27 (full 0):
 garbage-first heap   total 9830400K, used 2420219K [0x000077e714000000, 0x00007fcf14000000)
  region size 32768K, 2 young (65536K), 2 survivors (65536K)
 Metaspace       used 9080K, capacity 9230K, committed 9600K, reserved 1058816K
  class space    used 755K, capacity 790K, committed 896K, reserved 1048576K
}
Event: 2.831 GC heap before
{Heap before GC invocations=27 (full 0):
 garbage-first heap   total 9830400K, used 2878971K [0x000077e714000000, 0x00007fcf14000000)
  region size 32768K, 17 young (557056K), 2 survivors (65536K)
 Metaspace       used 9080K, capacity 9230K, committed 9600K, reserved 1058816K
  class space    used 755K, capacity 790K, committed 896K, reserved 1048576K
}
Event: 2.993 GC heap after
{Heap after GC invocations=28 (full 0):
 garbage-first heap   total 9830400K, used 2911348K [0x000077e714000000, 0x00007fcf14000000)
  region size 32768K, 3 young (98304K), 3 survivors (98304K)
 Metaspace       used 9080K, capacity 9230K, committed 9600K, reserved 1058816K
  class space    used 755K, capacity 790K, committed 896K, reserved 1048576K
}
Event: 3.009 GC heap before
{Heap before GC invocations=28 (full 0):
 garbage-first heap   total 9830400K, used 3370100K [0x000077e714000000, 0x00007fcf14000000)
  region size 32768K, 17 young (557056K), 3 survivors (98304K)
 Metaspace       used 9080K, capacity 9230K, committed 9600K, reserved 1058816K
  class space    used 755K, capacity 790K, committed 896K, reserved 1048576K
}
Event: 3.245 GC heap after
{Heap after GC invocations=29 (full 0):
 garbage-first heap   total 9830400K, used 3370100K [0x000077e714000000, 0x00007fcf14000000)
  region size 32768K, 3 young (98304K), 3 survivors (98304K)
 Metaspace       used 9080K, capacity 9230K, committed 9600K, reserved 1058816K
  class space    used 755K, capacity 790K, committed 896K, reserved 1048576K
}
Event: 3.258 GC heap before
{Heap before GC invocations=29 (full 0):
 garbage-first heap   total 9830400K, used 3730548K [0x000077e714000000, 0x00007fcf14000000)
  region size 32768K, 15 young (491520K), 3 survivors (98304K)
 Metaspace       used 9080K, capacity 9230K, committed 9600K, reserved 1058816K
  class space    used 755K, capacity 790K, committed 896K, reserved 1048576K
}

